{
  "RSpec": {
    "coverage": {
      "/home/myatsenko/REVIEW.OPENSTACK.ORG/fuel-library_15022016/tests/noop/spec/shared-examples.rb": [
        1,
        53,
        53,
        null,
        null,
        null,
        1,
        0,
        0,
        null,
        null,
        null,
        1,
        0,
        0,
        null,
        null,
        null,
        1,
        0,
        0,
        null,
        null,
        null,
        1,
        53,
        0,
        null,
        53,
        0,
        0,
        0,
        null,
        null,
        null,
        1,
        0,
        0,
        null,
        null,
        null,
        1,
        0,
        0,
        null,
        null,
        null,
        1,
        53,
        null,
        53,
        0,
        0,
        null,
        null,
        53,
        0,
        0,
        0,
        null,
        null,
        53,
        0,
        0,
        0,
        null,
        null,
        53,
        null,
        53,
        53,
        53,
        null,
        53,
        53,
        null,
        53,
        53,
        null,
        6,
        null,
        null,
        53,
        53,
        null,
        0,
        null,
        null,
        null,
        null,
        null,
        null,
        1,
        120,
        null,
        null,
        1,
        1,
        null,
        null,
        1,
        14,
        null,
        null,
        1,
        null,
        135,
        null,
        null,
        null,
        null,
        null,
        135,
        null,
        null,
        135,
        108,
        108,
        null,
        null,
        null,
        27,
        27,
        27,
        null,
        null,
        27,
        322,
        322,
        322,
        null,
        null,
        27,
        27,
        27,
        0,
        null,
        27,
        27,
        null,
        27,
        163,
        null,
        27,
        27,
        null,
        null,
        null,
        27,
        26,
        26,
        0,
        null,
        26,
        26,
        null,
        26,
        159,
        null,
        26,
        26,
        null,
        null,
        null,
        null
      ],
      "/home/myatsenko/REVIEW.OPENSTACK.ORG/fuel-library_15022016/tests/noop/spec/hosts/api-proxy/api-proxy_spec.rb": [
        1,
        1,
        1,
        null,
        1,
        null,
        1,
        0,
        0,
        null,
        null,
        0,
        0,
        null,
        null,
        0,
        null,
        null,
        null,
        0,
        null,
        null,
        0,
        0,
        null,
        null,
        null,
        null,
        null,
        0,
        0,
        null,
        null,
        0,
        null,
        null,
        null,
        null,
        null,
        null,
        null,
        null,
        0,
        null,
        null,
        0,
        0,
        null,
        null,
        null,
        null,
        null,
        null,
        null,
        null,
        null,
        null,
        null,
        null,
        null,
        null,
        null,
        null,
        null,
        null,
        null,
        null,
        0,
        null,
        null,
        0,
        0,
        null,
        null,
        null,
        1,
        null
      ],
      "/home/myatsenko/REVIEW.OPENSTACK.ORG/fuel-library_15022016/tests/noop/spec/hosts/astute/dump_rabbitmq_definitions_spec.rb": [
        1,
        1,
        1,
        null,
        1,
        1,
        0,
        0,
        0,
        0,
        null,
        null,
        null,
        null,
        0,
        null,
        null,
        null,
        1,
        null
      ],
      "/home/myatsenko/REVIEW.OPENSTACK.ORG/fuel-library_15022016/tests/noop/spec/hosts/astute/enable_cinder_spec.rb": [
        1,
        1,
        1,
        null,
        1,
        1,
        null,
        0,
        0,
        null,
        0,
        null,
        0,
        null,
        0,
        null,
        0,
        null,
        null,
        1,
        null
      ],
      "/home/myatsenko/REVIEW.OPENSTACK.ORG/fuel-library_15022016/tests/noop/spec/hosts/astute/enable_compute_spec.rb": [
        1,
        1,
        1,
        null,
        1,
        1,
        null,
        2,
        2,
        null,
        1,
        null,
        1,
        null,
        0,
        null,
        null,
        2,
        null,
        null,
        null,
        1,
        null
      ],
      "/home/myatsenko/REVIEW.OPENSTACK.ORG/fuel-library_15022016/tests/noop/spec/hosts/astute/service_token_off_spec.rb": [
        1,
        1,
        1,
        null,
        1,
        1,
        null,
        0,
        null,
        0,
        0,
        0,
        null,
        0,
        null,
        0,
        null,
        null,
        0,
        null,
        null,
        null,
        null,
        null,
        null,
        null,
        0,
        0,
        null,
        null,
        0,
        0,
        null,
        0,
        null,
        0,
        null,
        null,
        0,
        null,
        null,
        null,
        null,
        null,
        null,
        null,
        null,
        1,
        null
      ],
      "/home/myatsenko/REVIEW.OPENSTACK.ORG/fuel-library_15022016/tests/noop/spec/hosts/ceilometer/compute_spec.rb": [
        1,
        1,
        1,
        null,
        1,
        1,
        2,
        2,
        2,
        null,
        2,
        0,
        0,
        null,
        0,
        0,
        0,
        0,
        0,
        0,
        0,
        0,
        null,
        0,
        0,
        null,
        0,
        0,
        null,
        null,
        0,
        0,
        null,
        null,
        null,
        null,
        1,
        null,
        null
      ],
      "/home/myatsenko/REVIEW.OPENSTACK.ORG/fuel-library_15022016/tests/noop/spec/hosts/ceilometer/controller_spec.rb": [
        1,
        1,
        1,
        null,
        1,
        1,
        null,
        null,
        0,
        0,
        0,
        0,
        0,
        0,
        0,
        0,
        0,
        0,
        0,
        0,
        0,
        0,
        0,
        0,
        null,
        0,
        0,
        0,
        0,
        0,
        0,
        null,
        0,
        0,
        0,
        0,
        null,
        null,
        0,
        0,
        0,
        0,
        0,
        0,
        0,
        null,
        null,
        0,
        0,
        0,
        0,
        null,
        0,
        null,
        0,
        null,
        null,
        0,
        0,
        0,
        null,
        null,
        null,
        0,
        null,
        null,
        null,
        null,
        null,
        null,
        null,
        null,
        null,
        0,
        null,
        null,
        0,
        0,
        0,
        null,
        null,
        0,
        0,
        null,
        0,
        0,
        0,
        0,
        0,
        0,
        0,
        0,
        null,
        0,
        0,
        null,
        null,
        0,
        0,
        null,
        null,
        0,
        null,
        null,
        null,
        null,
        0,
        null,
        null,
        0,
        0,
        0,
        null,
        0,
        0,
        0,
        null,
        null,
        null,
        null,
        null,
        1,
        null,
        null
      ],
      "/home/myatsenko/REVIEW.OPENSTACK.ORG/fuel-library_15022016/tests/noop/spec/hosts/ceilometer/keystone_spec.rb": [
        1,
        1,
        1,
        null,
        1,
        1,
        0,
        0,
        null,
        0,
        null,
        0,
        0,
        0,
        0,
        null,
        0,
        0,
        0,
        0,
        0,
        0,
        0,
        null,
        0,
        0,
        null,
        0,
        0,
        null,
        null,
        0,
        0,
        0,
        0,
        0,
        0,
        0,
        0,
        null,
        0,
        0,
        0,
        null,
        null,
        null,
        null,
        null,
        null,
        null,
        null,
        null,
        null,
        null,
        null,
        null,
        0,
        null,
        null,
        null,
        1,
        null
      ],
      "/home/myatsenko/REVIEW.OPENSTACK.ORG/fuel-library_15022016/tests/noop/spec/hosts/ceilometer/radosgw_user_spec.rb": [
        1,
        1,
        1,
        null,
        1,
        1,
        null,
        0,
        0,
        null,
        0,
        0,
        null,
        null,
        0,
        null,
        null,
        null,
        null,
        null,
        1,
        null
      ],
      "/home/myatsenko/REVIEW.OPENSTACK.ORG/fuel-library_15022016/tests/noop/spec/hosts/ceph/ceph-init_spec.rb": [
        1,
        1,
        1,
        null,
        1,
        1,
        0,
        null,
        0,
        0,
        null,
        0,
        null,
        0,
        null,
        null,
        0,
        null,
        null,
        null,
        null,
        null,
        0,
        null,
        0,
        0,
        0,
        0,
        null,
        null,
        0,
        null,
        null,
        null,
        null,
        1,
        null,
        null
      ],
      "/home/myatsenko/REVIEW.OPENSTACK.ORG/fuel-library_15022016/tests/noop/spec/hosts/ceph/ceph-osd_spec.rb": [
        1,
        1,
        1,
        null,
        1,
        1,
        0,
        0,
        0,
        0,
        0,
        null,
        0,
        null,
        0,
        null,
        0,
        0,
        0,
        0,
        0,
        null,
        0,
        0,
        null,
        null,
        null,
        null,
        null,
        null,
        0,
        null,
        null,
        0,
        0,
        0,
        0,
        0,
        0,
        0,
        0,
        0,
        0,
        0,
        0,
        0,
        0,
        0,
        0,
        0,
        0,
        0,
        null,
        null,
        null,
        null,
        null,
        1,
        null,
        null
      ],
      "/home/myatsenko/REVIEW.OPENSTACK.ORG/fuel-library_15022016/tests/noop/spec/hosts/ceph/ceph_compute_spec.rb": [
        1,
        1,
        1,
        null,
        1,
        1,
        2,
        null,
        null,
        2,
        null,
        null,
        null,
        0,
        null,
        null,
        0,
        null,
        0,
        null,
        0,
        null,
        0,
        null,
        null,
        0,
        0,
        0,
        0,
        null,
        0,
        0,
        0,
        null,
        null,
        4,
        null,
        null,
        null,
        1,
        null
      ],
      "/home/myatsenko/REVIEW.OPENSTACK.ORG/fuel-library_15022016/tests/noop/spec/hosts/ceph/ceph_pools_spec.rb": [
        1,
        1,
        1,
        null,
        1,
        1,
        0,
        0,
        0,
        0,
        null,
        null,
        0,
        0,
        null,
        null,
        0,
        null,
        0,
        null,
        null,
        0,
        null,
        0,
        null,
        null,
        0,
        null,
        null,
        0,
        0,
        0,
        0,
        0,
        null,
        null,
        0,
        0,
        0,
        null,
        null,
        null,
        1,
        null,
        null
      ],
      "/home/myatsenko/REVIEW.OPENSTACK.ORG/fuel-library_15022016/tests/noop/spec/hosts/ceph/enable_rados_spec.rb": [
        1,
        1,
        1,
        null,
        1,
        1,
        0,
        null,
        0,
        null,
        null,
        null,
        0,
        null,
        null,
        null,
        null,
        null,
        0,
        null,
        null,
        null,
        null,
        0,
        null,
        null,
        null,
        0,
        0,
        null,
        null,
        null,
        null,
        null,
        null,
        null,
        0,
        null,
        null,
        null,
        null,
        1,
        null
      ],
      "/home/myatsenko/REVIEW.OPENSTACK.ORG/fuel-library_15022016/tests/noop/spec/hosts/ceph/mon_spec.rb": [
        1,
        1,
        1,
        null,
        1,
        1,
        0,
        0,
        null,
        null,
        0,
        null,
        null,
        null,
        0,
        null,
        null,
        null,
        null,
        null,
        0,
        null,
        null,
        0,
        null,
        null,
        null,
        1,
        null,
        null
      ],
      "/home/myatsenko/REVIEW.OPENSTACK.ORG/fuel-library_15022016/tests/noop/spec/hosts/ceph/radosgw_spec.rb": [
        1,
        1,
        1,
        null,
        1,
        1,
        0,
        0,
        0,
        null,
        0,
        null,
        0,
        0,
        null,
        null,
        null,
        0,
        0,
        null,
        null,
        null,
        null,
        0,
        0,
        null,
        null,
        null,
        0,
        0,
        null,
        null,
        null,
        null,
        0,
        0,
        null,
        null,
        0,
        0,
        null,
        null,
        0,
        0,
        0,
        0,
        0,
        null,
        0,
        0,
        0,
        0,
        0,
        null,
        0,
        0,
        0,
        null,
        null,
        null,
        0,
        null,
        null,
        0,
        null,
        null,
        0,
        0,
        0,
        null,
        null,
        0,
        null,
        null,
        0,
        null,
        null,
        0,
        null,
        null,
        0,
        null,
        null,
        0,
        0,
        0,
        0,
        null,
        0,
        0,
        null,
        null,
        null,
        null,
        0,
        null,
        null,
        0,
        0,
        0,
        0,
        null,
        0,
        0,
        null,
        null,
        null,
        null,
        0,
        null,
        null,
        null,
        null,
        null,
        1,
        null,
        null
      ],
      "/home/myatsenko/REVIEW.OPENSTACK.ORG/fuel-library_15022016/tests/noop/spec/hosts/ceph/updatedb_spec.rb": [
        1,
        1,
        1,
        null,
        1,
        1,
        0,
        null,
        0,
        0,
        null,
        null,
        null,
        0,
        null,
        null,
        0,
        null,
        null,
        null,
        1,
        null,
        null
      ],
      "/home/myatsenko/REVIEW.OPENSTACK.ORG/fuel-library_15022016/tests/noop/spec/hosts/cluster-haproxy/cluster-haproxy_spec.rb": [
        1,
        1,
        1,
        null,
        1,
        1,
        0,
        0,
        null,
        null,
        0,
        null,
        0,
        0,
        null,
        null,
        null,
        null,
        0,
        0,
        null,
        null,
        null,
        1,
        null
      ],
      "/home/myatsenko/REVIEW.OPENSTACK.ORG/fuel-library_15022016/tests/noop/spec/hosts/cluster-vrouter/cluster-vrouter_spec.rb": [
        1,
        1,
        1,
        null,
        1,
        null,
        1,
        0,
        0,
        null,
        null,
        0,
        0,
        null,
        null,
        null,
        null,
        null,
        null,
        1,
        null,
        null
      ],
      "/home/myatsenko/REVIEW.OPENSTACK.ORG/fuel-library_15022016/tests/noop/spec/hosts/cluster/cluster_spec.rb": [
        1,
        1,
        1,
        null,
        1,
        1,
        null,
        0,
        null,
        0,
        null,
        0,
        null,
        0,
        0,
        0,
        null,
        null,
        0,
        null,
        null,
        0,
        0,
        0,
        null,
        null,
        null,
        null,
        null,
        0,
        0,
        0,
        null,
        null,
        null,
        null,
        1,
        null,
        null
      ],
      "/home/myatsenko/REVIEW.OPENSTACK.ORG/fuel-library_15022016/tests/noop/spec/hosts/cluster/health_spec.rb": [
        1,
        1,
        1,
        null,
        1,
        1,
        0,
        0,
        null,
        null,
        null,
        null,
        0,
        0,
        null,
        null,
        0,
        0,
        null,
        null,
        0,
        0,
        null,
        null,
        0,
        0,
        null,
        null,
        0,
        null,
        null,
        null,
        null,
        null,
        0,
        null,
        null,
        null,
        1,
        null,
        null
      ],
      "/home/myatsenko/REVIEW.OPENSTACK.ORG/fuel-library_15022016/tests/noop/spec/hosts/database/database_spec.rb": [
        1,
        1,
        1,
        null,
        1,
        1,
        0,
        0,
        null,
        null,
        null,
        null,
        0,
        0,
        null,
        null,
        0,
        0,
        null,
        null,
        0,
        0,
        null,
        null,
        0,
        0,
        null,
        null,
        0,
        0,
        null,
        null,
        0,
        0,
        null,
        null,
        0,
        0,
        null,
        null,
        null,
        null,
        null,
        0,
        0,
        null,
        null,
        null,
        null,
        0,
        0,
        null,
        null,
        null,
        null,
        0,
        0,
        0,
        null,
        null,
        0,
        null,
        0,
        null,
        null,
        0,
        null,
        null,
        0,
        0,
        0,
        0,
        null,
        0,
        0,
        null,
        null,
        0,
        null,
        null,
        0,
        null,
        null,
        0,
        null,
        null,
        null,
        0,
        null,
        null,
        1,
        null,
        null
      ],
      "/home/myatsenko/REVIEW.OPENSTACK.ORG/fuel-library_15022016/tests/noop/spec/hosts/dns/dns-client_spec.rb": [
        1,
        1,
        1,
        null,
        1,
        1,
        null,
        null
      ],
      "/home/myatsenko/REVIEW.OPENSTACK.ORG/fuel-library_15022016/tests/noop/spec/hosts/dns/dns-server_spec.rb": [
        1,
        1,
        1,
        null,
        1,
        1,
        null,
        null
      ],
      "/home/myatsenko/REVIEW.OPENSTACK.ORG/fuel-library_15022016/tests/noop/spec/hosts/firewall/firewall_spec.rb": [
        1,
        1,
        1,
        null,
        1,
        1,
        null,
        2,
        6,
        null,
        null,
        2,
        0,
        null,
        null,
        2,
        6,
        null,
        null,
        2,
        0,
        null,
        null,
        2,
        0,
        null,
        null,
        2,
        0,
        0,
        null,
        null,
        2,
        0,
        0,
        null,
        null,
        2,
        2,
        2,
        null,
        2,
        0,
        null,
        null,
        null,
        null,
        null,
        0,
        null,
        null,
        null,
        null,
        0,
        null,
        null,
        0,
        null,
        null,
        null,
        null,
        null,
        0,
        null,
        null,
        0,
        null,
        null,
        null,
        null,
        0,
        null,
        null,
        0,
        0,
        null,
        null,
        null,
        null,
        null,
        0,
        null,
        null,
        null,
        0,
        0,
        null,
        null,
        null,
        null,
        null,
        0,
        null,
        null,
        null,
        0,
        null,
        null,
        null,
        null,
        0,
        null,
        null,
        0,
        null,
        null,
        null,
        null,
        0,
        null,
        null,
        null,
        null,
        0,
        null,
        null,
        null,
        null,
        0,
        null,
        null,
        0,
        null,
        null,
        null,
        0,
        null,
        null,
        2,
        2,
        null,
        null,
        null,
        null,
        null,
        2,
        null,
        null,
        null,
        2,
        2,
        null,
        null,
        null,
        null,
        null,
        2,
        null,
        null,
        null,
        2,
        2,
        null,
        null,
        null,
        null,
        null,
        2,
        null,
        null,
        null,
        null,
        2,
        0,
        0,
        null,
        null,
        null,
        null,
        0,
        null,
        0,
        null,
        null,
        null,
        null,
        0,
        null,
        null,
        null,
        0,
        0,
        null,
        null,
        null,
        null,
        null,
        null,
        null,
        0,
        null,
        null,
        null,
        null,
        null,
        null,
        null,
        0,
        null,
        null,
        null,
        null,
        null,
        1,
        null,
        null
      ],
      "/home/myatsenko/REVIEW.OPENSTACK.ORG/fuel-library_15022016/tests/noop/spec/hosts/fuel_pkgs/fuel_pkgs_spec.rb": [
        1,
        1,
        1,
        null,
        1,
        1,
        2,
        2,
        null,
        1,
        null,
        1,
        null,
        null,
        null,
        null,
        2,
        null,
        null,
        2,
        4,
        null,
        null,
        4,
        null,
        null,
        null,
        null,
        1,
        null,
        null
      ],
      "/home/myatsenko/REVIEW.OPENSTACK.ORG/fuel-library_15022016/tests/noop/spec/hosts/fuel_pkgs/setup_repositories_spec.rb": [
        1,
        1,
        1,
        null,
        1,
        1,
        null,
        1,
        4,
        4,
        4,
        null,
        null,
        null,
        1,
        1,
        null,
        null,
        1,
        1,
        null,
        null,
        1,
        1,
        null,
        null,
        null,
        1,
        null
      ],
      "/home/myatsenko/REVIEW.OPENSTACK.ORG/fuel-library_15022016/tests/noop/spec/hosts/generate_vms/generate_vms_spec.rb": [
        1,
        1,
        1,
        null,
        1,
        1,
        0,
        0,
        0,
        0,
        null,
        0,
        null,
        0,
        null,
        null,
        0,
        null,
        null,
        0,
        0,
        null,
        null,
        null,
        0,
        null,
        null,
        null,
        0,
        null,
        null,
        0,
        null,
        null,
        0,
        null,
        null,
        0,
        null,
        null,
        0,
        null,
        null,
        null,
        0,
        null,
        null,
        0,
        0,
        null,
        null,
        0,
        null,
        null,
        null,
        0,
        0,
        null,
        null,
        null,
        null,
        0,
        null,
        null,
        null,
        null,
        1,
        null
      ],
      "/home/myatsenko/REVIEW.OPENSTACK.ORG/fuel-library_15022016/tests/noop/spec/hosts/glance/db_spec.rb": [
        1,
        1,
        1,
        null,
        1,
        1,
        0,
        0,
        0,
        0,
        null,
        0,
        0,
        0,
        null,
        0,
        null,
        null,
        null,
        0,
        null,
        0,
        null,
        null,
        null,
        null,
        null,
        0,
        null,
        0,
        0,
        0,
        null,
        null,
        null,
        1,
        null
      ],
      "/home/myatsenko/REVIEW.OPENSTACK.ORG/fuel-library_15022016/tests/noop/spec/hosts/glance/glance_spec.rb": [
        1,
        1,
        1,
        null,
        1,
        1,
        null,
        null,
        0,
        0,
        0,
        0,
        0,
        0,
        0,
        0,
        0,
        0,
        0,
        0,
        0,
        0,
        0,
        null,
        0,
        null,
        0,
        0,
        0,
        0,
        0,
        null,
        0,
        null,
        0,
        null,
        0,
        null,
        0,
        null,
        0,
        null,
        0,
        null,
        0,
        null,
        0,
        null,
        null,
        null,
        0,
        null,
        null,
        0,
        null,
        null,
        0,
        null,
        null,
        0,
        0,
        0,
        0,
        0,
        null,
        null,
        0,
        0,
        0,
        0,
        null,
        null,
        0,
        0,
        0,
        null,
        0,
        null,
        null,
        null,
        0,
        null,
        null,
        0,
        0,
        0,
        0,
        0,
        0,
        0,
        0,
        0,
        0,
        0,
        0,
        null,
        null,
        0,
        0,
        0,
        null,
        null,
        null,
        0,
        0,
        0,
        0,
        0,
        0,
        0,
        0,
        0,
        0,
        null,
        null,
        null,
        0,
        0,
        0,
        0,
        0,
        0,
        0,
        null,
        null,
        0,
        0,
        0,
        0,
        0,
        null,
        null,
        null,
        0,
        0,
        0,
        null,
        null,
        0,
        0,
        0,
        null,
        0,
        0,
        null,
        null,
        null,
        0,
        0,
        0,
        null,
        0,
        null,
        0,
        0,
        0,
        null,
        null,
        0,
        0,
        0,
        null,
        0,
        0,
        null,
        null,
        0,
        0,
        null,
        0,
        null,
        0,
        0,
        0,
        null,
        0,
        0,
        null,
        null,
        0,
        0,
        null,
        0,
        null,
        0,
        0,
        0,
        null,
        0,
        0,
        null,
        null,
        null,
        null,
        1,
        null,
        null
      ],
      "/home/myatsenko/REVIEW.OPENSTACK.ORG/fuel-library_15022016/tests/noop/spec/hosts/glance/keystone_spec.rb": [
        1,
        1,
        1,
        null,
        1,
        1,
        null,
        0,
        0,
        0,
        0,
        null,
        0,
        0,
        0,
        0,
        0,
        0,
        0,
        null,
        0,
        0,
        null,
        0,
        0,
        null,
        null,
        0,
        0,
        0,
        0,
        0,
        0,
        0,
        0,
        0,
        0,
        0,
        null,
        0,
        null,
        null,
        null,
        null,
        null,
        null,
        null,
        null,
        null,
        null,
        null,
        null,
        0,
        null,
        null,
        1,
        null
      ],
      "/home/myatsenko/REVIEW.OPENSTACK.ORG/fuel-library_15022016/tests/noop/spec/hosts/heat/db_spec.rb": [
        1,
        1,
        1,
        null,
        1,
        1,
        0,
        0,
        0,
        0,
        null,
        0,
        0,
        0,
        null,
        0,
        null,
        null,
        null,
        0,
        null,
        0,
        null,
        null,
        null,
        null,
        null,
        0,
        null,
        0,
        0,
        0,
        null,
        null,
        null,
        1,
        null
      ],
      "/home/myatsenko/REVIEW.OPENSTACK.ORG/fuel-library_15022016/tests/noop/spec/hosts/heat/heat_spec.rb": [
        1,
        1,
        1,
        null,
        1,
        1,
        null,
        0,
        0,
        null,
        null,
        0,
        0,
        null,
        null,
        0,
        0,
        0,
        null,
        null,
        0,
        0,
        0,
        0,
        0,
        0,
        0,
        null,
        0,
        0,
        null,
        0,
        0,
        null,
        null,
        0,
        0,
        0,
        0,
        0,
        null,
        0,
        0,
        0,
        0,
        null,
        0,
        0,
        0,
        0,
        null,
        0,
        null,
        null,
        null,
        null,
        0,
        null,
        null,
        null,
        0,
        null,
        null,
        null,
        0,
        0,
        0,
        null,
        0,
        null,
        null,
        null,
        0,
        null,
        null,
        0,
        0,
        null,
        null,
        0,
        0,
        0,
        null,
        null,
        null,
        0,
        null,
        null,
        null,
        null,
        0,
        null,
        null,
        0,
        null,
        null,
        0,
        null,
        null,
        0,
        null,
        null,
        0,
        0,
        0,
        0,
        null,
        null,
        0,
        0,
        0,
        0,
        null,
        null,
        0,
        0,
        null,
        null,
        0,
        0,
        null,
        null,
        0,
        0,
        null,
        null,
        0,
        0,
        0,
        0,
        null,
        null,
        null,
        0,
        null,
        null,
        0,
        0,
        null,
        0,
        null,
        null,
        0,
        0,
        0,
        null,
        0,
        0,
        null,
        null,
        0,
        null,
        null,
        null,
        0,
        null,
        null,
        null,
        null,
        1,
        null,
        null
      ],
      "/home/myatsenko/REVIEW.OPENSTACK.ORG/fuel-library_15022016/tests/noop/spec/hosts/heat/keystone_spec.rb": [
        1,
        1,
        1,
        null,
        1,
        1,
        0,
        0,
        null,
        null,
        null,
        null,
        0,
        0,
        0,
        0,
        null,
        0,
        0,
        0,
        0,
        0,
        0,
        0,
        null,
        0,
        0,
        null,
        0,
        0,
        null,
        null,
        0,
        0,
        0,
        0,
        0,
        0,
        0,
        null,
        0,
        0,
        0,
        0,
        null,
        null,
        0,
        0,
        0,
        0,
        null,
        null,
        0,
        0,
        null,
        0,
        null,
        0,
        null,
        0,
        null,
        null,
        null,
        0,
        0,
        null,
        null,
        null,
        null,
        1,
        null
      ],
      "/home/myatsenko/REVIEW.OPENSTACK.ORG/fuel-library_15022016/tests/noop/spec/hosts/hiera/hiera_spec.rb": [
        1,
        1,
        1,
        null,
        1,
        1,
        2,
        null,
        null,
        null,
        2,
        null,
        null,
        null,
        2,
        null,
        null,
        null,
        null,
        2,
        null,
        null,
        null,
        null,
        null,
        null,
        null,
        2,
        null,
        null,
        null,
        null,
        null,
        null,
        2,
        null,
        null,
        null,
        null,
        2,
        null,
        null,
        null,
        1,
        null,
        null
      ],
      "/home/myatsenko/REVIEW.OPENSTACK.ORG/fuel-library_15022016/tests/noop/spec/hosts/hiera/override_configuration_spec.rb": [
        1,
        1,
        1,
        null,
        1,
        1,
        2,
        2,
        null,
        null,
        null,
        4,
        null,
        null,
        null,
        null,
        1,
        null,
        null
      ],
      "/home/myatsenko/REVIEW.OPENSTACK.ORG/fuel-library_15022016/tests/noop/spec/hosts/horizon/horizon_spec.rb": [
        1,
        1,
        1,
        null,
        1,
        1,
        null,
        0,
        0,
        null,
        null,
        0,
        0,
        null,
        null,
        0,
        0,
        null,
        null,
        0,
        0,
        0,
        null,
        null,
        0,
        0,
        null,
        null,
        0,
        0,
        null,
        null,
        0,
        null,
        0,
        null,
        0,
        null,
        0,
        0,
        null,
        null,
        0,
        null,
        null,
        null,
        null,
        0,
        null,
        null,
        0,
        0,
        null,
        0,
        0,
        null,
        null,
        0,
        0,
        null,
        null,
        0,
        0,
        0,
        null,
        0,
        null,
        null,
        null,
        0,
        0,
        0,
        null,
        null,
        null,
        null,
        0,
        null,
        null,
        null,
        null,
        0,
        null,
        null,
        0,
        null,
        null,
        null,
        null,
        null,
        0,
        null,
        null,
        0,
        0,
        0,
        null,
        0,
        null,
        null,
        null,
        0,
        0,
        0,
        null,
        0,
        null,
        null,
        null,
        null,
        null,
        null,
        null,
        0,
        null,
        null,
        0,
        0,
        null,
        null,
        null,
        null,
        0,
        null,
        null,
        null,
        null,
        0,
        0,
        0,
        null,
        null,
        null,
        0,
        null,
        null,
        null,
        0,
        null,
        null,
        0,
        0,
        0,
        null,
        0,
        null,
        null,
        null,
        null,
        1,
        null,
        null
      ],
      "/home/myatsenko/REVIEW.OPENSTACK.ORG/fuel-library_15022016/tests/noop/spec/hosts/hosts/hosts_spec.rb": [
        1,
        1,
        1,
        null,
        1,
        1,
        null,
        2,
        2,
        null,
        2,
        2,
        null,
        null,
        null,
        null,
        10,
        null,
        null,
        null,
        2,
        2,
        null,
        null,
        null,
        null,
        10,
        null,
        null,
        null,
        null,
        1,
        null,
        null
      ],
      "/home/myatsenko/REVIEW.OPENSTACK.ORG/fuel-library_15022016/tests/noop/spec/hosts/ironic/db_spec.rb": [
        1,
        1,
        1,
        null,
        1,
        1,
        0,
        null,
        0,
        0,
        0,
        0,
        0,
        null,
        0,
        0,
        0,
        null,
        0,
        null,
        null,
        null,
        0,
        null,
        0,
        null,
        null,
        null,
        null,
        null,
        0,
        null,
        0,
        0,
        0,
        null,
        null,
        null,
        null,
        1,
        null
      ],
      "/home/myatsenko/REVIEW.OPENSTACK.ORG/fuel-library_15022016/tests/noop/spec/hosts/ironic/ironic-compute_spec.rb": [
        1,
        1,
        1,
        null,
        1,
        1,
        0,
        0,
        null,
        0,
        0,
        0,
        0,
        null,
        0,
        0,
        0,
        0,
        null,
        0,
        0,
        null,
        null,
        0,
        0,
        null,
        null,
        0,
        0,
        0,
        null,
        0,
        null,
        null,
        null,
        0,
        0,
        0,
        0,
        0,
        null,
        0,
        0,
        0,
        0,
        0,
        0,
        0,
        null,
        null,
        0,
        0,
        null,
        null,
        0,
        null,
        null,
        0,
        null,
        null,
        0,
        0,
        null,
        null,
        0,
        0,
        null,
        null,
        null,
        null,
        null,
        null,
        null,
        null,
        null,
        null,
        null,
        0,
        null,
        null,
        null,
        null,
        null,
        0,
        null,
        null,
        null,
        null,
        null,
        null,
        0,
        0,
        0,
        null,
        0,
        null,
        null,
        null,
        0,
        null,
        null,
        null,
        null,
        1,
        null
      ],
      "/home/myatsenko/REVIEW.OPENSTACK.ORG/fuel-library_15022016/tests/noop/spec/hosts/ironic/ironic_spec.rb": [
        1,
        1,
        1,
        null,
        1,
        1,
        null,
        0,
        0,
        0,
        0,
        0,
        0,
        0,
        0,
        0,
        0,
        0,
        null,
        0,
        0,
        0,
        0,
        null,
        0,
        0,
        0,
        0,
        0,
        0,
        0,
        null,
        null,
        0,
        0,
        null,
        null,
        0,
        null,
        null,
        null,
        null,
        null,
        null,
        null,
        0,
        null,
        null,
        0,
        null,
        null,
        null,
        null,
        null,
        0,
        null,
        null,
        0,
        0,
        0,
        null,
        0,
        null,
        null,
        null,
        0,
        null,
        null,
        null,
        0,
        null,
        null
      ],
      "/home/myatsenko/REVIEW.OPENSTACK.ORG/fuel-library_15022016/tests/noop/spec/hosts/ironic/keystone_spec.rb": [
        1,
        1,
        1,
        null,
        1,
        1,
        0,
        null,
        0,
        0,
        0,
        0,
        null,
        0,
        0,
        0,
        null,
        0,
        0,
        null,
        null,
        0,
        0,
        0,
        0,
        0,
        0,
        0,
        0,
        0,
        0,
        null,
        0,
        0,
        null,
        0,
        null,
        null,
        null,
        0,
        null,
        null,
        null,
        null,
        null,
        null,
        null,
        null,
        null,
        null,
        null,
        null,
        0,
        null,
        null,
        null,
        1,
        null
      ],
      "/home/myatsenko/REVIEW.OPENSTACK.ORG/fuel-library_15022016/tests/noop/spec/hosts/keystone/db_spec.rb": [
        1,
        1,
        1,
        null,
        1,
        1,
        0,
        0,
        0,
        0,
        null,
        0,
        0,
        0,
        null,
        0,
        null,
        null,
        null,
        0,
        null,
        0,
        null,
        null,
        null,
        null,
        null,
        0,
        null,
        0,
        0,
        0,
        null,
        null,
        null,
        1,
        null,
        null
      ],
      "/home/myatsenko/REVIEW.OPENSTACK.ORG/fuel-library_15022016/tests/noop/spec/hosts/keystone/keystone_spec.rb": [
        1,
        1,
        1,
        null,
        1,
        1,
        null,
        null,
        0,
        0,
        0,
        0,
        0,
        0,
        null,
        0,
        0,
        null,
        null,
        0,
        0,
        null,
        null,
        0,
        0,
        0,
        null,
        0,
        null,
        null,
        null,
        0,
        0,
        null,
        null,
        0,
        0,
        null,
        null,
        0,
        0,
        0,
        0,
        null,
        0,
        null,
        0,
        null,
        0,
        null,
        0,
        null,
        0,
        null,
        0,
        null,
        0,
        null,
        0,
        null,
        0,
        null,
        0,
        null,
        0,
        null,
        0,
        0,
        0,
        0,
        0,
        0,
        0,
        0,
        0,
        null,
        0,
        0,
        0,
        0,
        null,
        0,
        0,
        null,
        0,
        0,
        null,
        null,
        0,
        0,
        0,
        null,
        0,
        null,
        null,
        null,
        null,
        0,
        null,
        null,
        0,
        null,
        null,
        0,
        null,
        null,
        0,
        null,
        null,
        null,
        null,
        0,
        null,
        null,
        0,
        null,
        null,
        0,
        null,
        null,
        0,
        0,
        null,
        null,
        0,
        0,
        0,
        0,
        0,
        0,
        0,
        0,
        0,
        0,
        0,
        0,
        null,
        null,
        0,
        0,
        null,
        null,
        0,
        0,
        null,
        null,
        0,
        0,
        0,
        null,
        null,
        0,
        0,
        0,
        0,
        0,
        null,
        null,
        0,
        null,
        null,
        null,
        null,
        0,
        null,
        null,
        0,
        0,
        null,
        null,
        null,
        0,
        null,
        null,
        0,
        0,
        null,
        null,
        null,
        0,
        null,
        null,
        0,
        0,
        null,
        null,
        null,
        null,
        null,
        null,
        null,
        null,
        0,
        null,
        null,
        null,
        null,
        null,
        null,
        null,
        null,
        0,
        null,
        null,
        null,
        0,
        null,
        null,
        0,
        null,
        null,
        0,
        0,
        null,
        null,
        0,
        0,
        null,
        0,
        0,
        null,
        null,
        0,
        0,
        null,
        null,
        0,
        0,
        null,
        null,
        0,
        0,
        null,
        null,
        0,
        0,
        0,
        0,
        0,
        null,
        null,
        null,
        0,
        0,
        0,
        null,
        null,
        null,
        0,
        0,
        null,
        null,
        0,
        null,
        null,
        null,
        0,
        0,
        0,
        null,
        null,
        0,
        0,
        null,
        null,
        null,
        0,
        null,
        null,
        null,
        0,
        null,
        null,
        null,
        0,
        0,
        null,
        null,
        0,
        0,
        null,
        0,
        null,
        null,
        null,
        0,
        0,
        0,
        0,
        null,
        0,
        0,
        null,
        null,
        null,
        null,
        0,
        null,
        null,
        null,
        null,
        1,
        null,
        null
      ],
      "/home/myatsenko/REVIEW.OPENSTACK.ORG/fuel-library_15022016/tests/noop/spec/hosts/keystone/workloads_collector_add_spec.rb": [
        1,
        1,
        1,
        null,
        1,
        1,
        0,
        null,
        0,
        null,
        0,
        0,
        null,
        null,
        null,
        0,
        0,
        null,
        null,
        null,
        0,
        null,
        0,
        0,
        null,
        0,
        null,
        null,
        0,
        0,
        0,
        0,
        null,
        0,
        0,
        null,
        null,
        null,
        null,
        0,
        null,
        null,
        1,
        null
      ],
      "/home/myatsenko/REVIEW.OPENSTACK.ORG/fuel-library_15022016/tests/noop/spec/hosts/keystone/workloads_collector_remove_spec.rb": [
        1,
        1,
        1,
        null,
        1,
        1,
        0,
        null,
        0,
        null,
        0,
        0,
        null,
        null,
        null,
        0,
        0,
        null,
        null,
        null,
        0,
        null,
        0,
        0,
        0,
        0,
        null,
        0,
        0,
        null,
        null,
        null,
        null,
        0,
        null,
        null,
        1,
        null
      ],
      "/home/myatsenko/REVIEW.OPENSTACK.ORG/fuel-library_15022016/tests/noop/spec/hosts/logging/logging_spec.rb": [
        1,
        1,
        1,
        null,
        1,
        1,
        2,
        null,
        null,
        null,
        2,
        2,
        null,
        null,
        null,
        null,
        1,
        null,
        1,
        null,
        null,
        2,
        0,
        null,
        null,
        null,
        null,
        0,
        null,
        null,
        null,
        2,
        2,
        null,
        null,
        1,
        null,
        null
      ],
      "/home/myatsenko/REVIEW.OPENSTACK.ORG/fuel-library_15022016/tests/noop/spec/hosts/master/astute-only_spec.rb": [
        1,
        1,
        1,
        null,
        1,
        1,
        0,
        0,
        0,
        null,
        null,
        null,
        0,
        0,
        0,
        0,
        0,
        null,
        0,
        null,
        null,
        null,
        null,
        null,
        null,
        0,
        null,
        null,
        0,
        null,
        null,
        null,
        null,
        null,
        null,
        0,
        null,
        null,
        0,
        null,
        null,
        null,
        null,
        null,
        null,
        0,
        null,
        null,
        null,
        0,
        0,
        0,
        null,
        null,
        null,
        0,
        null,
        0,
        0,
        0,
        null,
        null,
        null,
        null,
        0,
        0,
        null,
        null,
        null,
        null,
        0,
        null,
        null,
        null,
        0,
        null,
        null,
        null,
        0,
        null,
        null,
        null,
        null,
        null,
        0,
        null,
        null,
        null,
        null,
        1,
        null,
        null
      ],
      "/home/myatsenko/REVIEW.OPENSTACK.ORG/fuel-library_15022016/tests/noop/spec/hosts/master/cobbler-only_spec.rb": [
        1,
        1,
        1,
        null,
        1,
        1,
        null
      ],
      "/home/myatsenko/REVIEW.OPENSTACK.ORG/fuel-library_15022016/tests/noop/spec/hosts/master/dhcp-default-range_spec.rb": [
        1,
        1,
        1,
        null,
        1,
        1,
        null
      ],
      "/home/myatsenko/REVIEW.OPENSTACK.ORG/fuel-library_15022016/tests/noop/spec/hosts/master/hiera-for-container_spec.rb": [
        1,
        1,
        1,
        null,
        1,
        1,
        null
      ],
      "/home/myatsenko/REVIEW.OPENSTACK.ORG/fuel-library_15022016/tests/noop/spec/hosts/master/host-only_spec.rb": [
        1,
        1,
        1,
        1,
        null,
        1,
        null,
        1,
        0,
        0,
        0,
        null,
        null,
        null,
        1,
        null,
        0,
        0,
        null,
        0,
        null,
        null,
        null,
        null,
        null,
        null,
        null,
        0,
        null,
        null,
        null,
        0,
        null,
        null,
        null,
        null,
        null,
        0,
        null,
        null,
        0,
        null,
        null,
        0,
        null,
        null,
        0,
        null,
        0,
        null,
        null,
        null,
        null,
        null,
        0,
        null,
        null,
        null,
        0,
        null,
        null,
        null,
        null,
        null,
        null,
        null,
        null,
        null,
        null,
        null,
        0,
        null,
        0,
        0,
        0,
        null,
        null,
        null,
        0,
        0,
        null,
        null,
        null,
        null,
        0,
        0,
        null,
        null,
        null,
        null,
        0,
        null,
        null,
        null,
        null,
        0,
        0,
        0,
        null,
        null,
        null,
        null,
        0,
        0,
        null,
        null,
        null,
        null,
        0,
        0,
        null,
        null,
        null,
        null,
        0,
        null,
        null,
        null,
        0,
        null,
        null,
        null,
        null,
        0,
        null,
        null,
        null,
        null,
        null,
        null,
        0,
        null,
        null,
        0,
        null,
        null,
        null,
        null,
        null,
        null,
        null,
        null,
        null,
        0,
        null,
        null,
        0,
        null,
        null,
        null,
        null,
        null,
        null,
        null,
        null,
        null,
        null,
        null,
        null,
        null,
        null,
        0,
        null,
        null,
        0,
        null,
        null,
        null,
        null,
        null,
        null,
        null,
        null,
        0,
        null,
        null,
        null,
        null,
        1,
        null
      ],
      "/home/myatsenko/REVIEW.OPENSTACK.ORG/fuel-library_15022016/tests/noop/spec/hosts/master/host-upgrade_spec.rb": [
        1,
        1,
        1,
        null,
        1,
        null,
        1,
        0,
        0,
        0,
        null,
        null,
        null,
        1,
        null
      ],
      "/home/myatsenko/REVIEW.OPENSTACK.ORG/fuel-library_15022016/tests/noop/spec/hosts/master/keystone-only_spec.rb": [
        1,
        1,
        1,
        null,
        1,
        1,
        null
      ],
      "/home/myatsenko/REVIEW.OPENSTACK.ORG/fuel-library_15022016/tests/noop/spec/hosts/master/nailgun-only_spec.rb": [
        1,
        1,
        1,
        null,
        1,
        null,
        1,
        0,
        0,
        0,
        null,
        null,
        null,
        1,
        null,
        0,
        0,
        0,
        null,
        null,
        null,
        0,
        null,
        null,
        null,
        null,
        null,
        null,
        0,
        null,
        null,
        0,
        null,
        null,
        null,
        null,
        null,
        null,
        0,
        null,
        null,
        0,
        null,
        null,
        null,
        null,
        null,
        null,
        0,
        null,
        null,
        null,
        0,
        0,
        0,
        null,
        null,
        null,
        0,
        null,
        null,
        null,
        null,
        null,
        null,
        null,
        null,
        null,
        null,
        0,
        null,
        null,
        0,
        0,
        0,
        0,
        null,
        0,
        null,
        null,
        null,
        null,
        null,
        0,
        0,
        null,
        null,
        null,
        null,
        0,
        null,
        null,
        null,
        0,
        0,
        null,
        null,
        null,
        null,
        1,
        null
      ],
      "/home/myatsenko/REVIEW.OPENSTACK.ORG/fuel-library_15022016/tests/noop/spec/hosts/master/nginx-only_spec.rb": [
        1,
        1,
        1,
        null,
        1,
        1,
        0,
        0,
        null,
        null,
        null,
        null,
        1,
        null
      ],
      "/home/myatsenko/REVIEW.OPENSTACK.ORG/fuel-library_15022016/tests/noop/spec/hosts/master/ostf-only_spec.rb": [
        1,
        1,
        1,
        null,
        1,
        1,
        0,
        0,
        0,
        null,
        null,
        null,
        0,
        0,
        0,
        0,
        null,
        0,
        null,
        0,
        0,
        null,
        0,
        null,
        null,
        null,
        null,
        null,
        null,
        0,
        null,
        null,
        0,
        null,
        null,
        null,
        null,
        0,
        null,
        null,
        0,
        null,
        null,
        null,
        null,
        null,
        null,
        0,
        null,
        null,
        0,
        null,
        null,
        null,
        null,
        null,
        null,
        0,
        null,
        null,
        null,
        0,
        0,
        0,
        null,
        null,
        null,
        0,
        null,
        0,
        0,
        0,
        0,
        null,
        0,
        null,
        null,
        null,
        null,
        null,
        0,
        0,
        null,
        null,
        null,
        null,
        0,
        null,
        null,
        null,
        0,
        null,
        0,
        null,
        null,
        null,
        null,
        null,
        1,
        null
      ],
      "/home/myatsenko/REVIEW.OPENSTACK.ORG/fuel-library_15022016/tests/noop/spec/hosts/master/postgres-only_spec.rb": [
        1,
        1,
        1,
        null,
        1,
        1,
        0,
        0,
        0,
        null,
        null,
        null,
        0,
        null,
        null,
        0,
        null,
        0,
        null,
        null,
        0,
        null,
        null,
        0,
        null,
        null,
        0,
        null,
        null,
        null,
        0,
        0,
        0,
        null,
        null,
        null,
        0,
        null,
        null,
        0,
        null,
        null,
        null,
        0,
        null,
        null,
        null,
        0,
        null,
        null,
        0,
        0,
        null,
        0,
        0,
        0,
        null,
        null,
        null,
        null,
        null,
        0,
        null,
        null,
        0,
        0,
        null,
        0,
        0,
        0,
        null,
        null,
        null,
        null,
        null,
        0,
        null,
        null,
        0,
        0,
        null,
        0,
        0,
        0,
        null,
        null,
        null,
        null,
        null,
        0,
        null,
        null,
        null,
        1,
        null
      ],
      "/home/myatsenko/REVIEW.OPENSTACK.ORG/fuel-library_15022016/tests/noop/spec/hosts/master/puppetsync-only_spec.rb": [
        1,
        1,
        1,
        null,
        1,
        1,
        null
      ],
      "/home/myatsenko/REVIEW.OPENSTACK.ORG/fuel-library_15022016/tests/noop/spec/hosts/master/rabbitmq-only_spec.rb": [
        1,
        1,
        1,
        null,
        1,
        1,
        null
      ],
      "/home/myatsenko/REVIEW.OPENSTACK.ORG/fuel-library_15022016/tests/noop/spec/hosts/master/rsyslog-only_spec.rb": [
        1,
        1,
        1,
        null,
        1,
        1,
        null
      ],
      "/home/myatsenko/REVIEW.OPENSTACK.ORG/fuel-library_15022016/tests/noop/spec/hosts/memcached/memcached_spec.rb": [
        1,
        1,
        1,
        null,
        1,
        1,
        null,
        null
      ],
      "/home/myatsenko/REVIEW.OPENSTACK.ORG/fuel-library_15022016/tests/noop/spec/hosts/murano/cfapi_spec.rb": [
        1,
        1,
        1,
        null,
        1,
        1,
        null,
        0,
        null,
        0,
        0,
        null,
        null,
        0,
        0,
        null,
        null,
        0,
        0,
        null,
        null,
        0,
        0,
        null,
        null,
        0,
        0,
        0,
        null,
        null,
        0,
        null,
        0,
        null,
        0,
        null,
        0,
        0,
        null,
        null,
        null,
        0,
        0,
        null,
        null,
        null,
        null,
        0,
        0,
        null,
        null,
        0,
        0,
        0,
        null,
        0,
        0,
        null,
        0,
        0,
        null,
        null,
        null,
        null,
        0,
        null,
        0,
        0,
        null,
        null,
        null,
        null,
        null,
        0,
        null,
        null,
        0,
        0,
        0,
        0,
        null,
        0,
        0,
        null,
        null,
        null,
        null,
        0,
        null,
        null,
        null,
        null,
        null,
        1,
        null
      ],
      "/home/myatsenko/REVIEW.OPENSTACK.ORG/fuel-library_15022016/tests/noop/spec/hosts/murano/db_spec.rb": [
        1,
        1,
        1,
        null,
        1,
        1,
        0,
        null,
        0,
        0,
        0,
        null,
        0,
        null,
        null,
        null,
        0,
        null,
        null,
        null,
        1,
        null,
        null
      ],
      "/home/myatsenko/REVIEW.OPENSTACK.ORG/fuel-library_15022016/tests/noop/spec/hosts/murano/keystone_cfapi_spec.rb": [
        1,
        1,
        1,
        null,
        1,
        1,
        null,
        0,
        0,
        0,
        null,
        0,
        0,
        0,
        0,
        null,
        0,
        0,
        0,
        0,
        0,
        0,
        0,
        null,
        0,
        0,
        null,
        0,
        0,
        null,
        0,
        0,
        0,
        null,
        0,
        0,
        null,
        0,
        null,
        null,
        null,
        0,
        0,
        null,
        0,
        null,
        null,
        null,
        0,
        null,
        null,
        null,
        null,
        null,
        null,
        null,
        null,
        0,
        null,
        null,
        null,
        1,
        null
      ],
      "/home/myatsenko/REVIEW.OPENSTACK.ORG/fuel-library_15022016/tests/noop/spec/hosts/murano/keystone_spec.rb": [
        1,
        1,
        1,
        null,
        1,
        1,
        null,
        0,
        0,
        0,
        null,
        0,
        0,
        0,
        0,
        null,
        0,
        0,
        0,
        0,
        0,
        0,
        0,
        null,
        0,
        0,
        null,
        0,
        0,
        null,
        0,
        0,
        0,
        null,
        null,
        0,
        0,
        null,
        0,
        null,
        null,
        null,
        0,
        0,
        null,
        0,
        null,
        null,
        null,
        0,
        null,
        null,
        null,
        null,
        null,
        null,
        null,
        null,
        0,
        null,
        null,
        null,
        1,
        null
      ],
      "/home/myatsenko/REVIEW.OPENSTACK.ORG/fuel-library_15022016/tests/noop/spec/hosts/murano/murano_spec.rb": [
        1,
        1,
        1,
        null,
        1,
        1,
        null,
        0,
        0,
        0,
        0,
        0,
        null,
        0,
        0,
        null,
        0,
        0,
        null,
        null,
        0,
        0,
        null,
        null,
        0,
        0,
        null,
        null,
        0,
        0,
        null,
        null,
        0,
        0,
        0,
        null,
        null,
        0,
        0,
        0,
        0,
        0,
        0,
        0,
        0,
        0,
        0,
        0,
        null,
        0,
        0,
        0,
        0,
        null,
        0,
        null,
        0,
        0,
        null,
        0,
        null,
        0,
        0,
        0,
        null,
        0,
        null,
        0,
        null,
        null,
        0,
        null,
        0,
        0,
        null,
        null,
        null,
        0,
        0,
        null,
        null,
        null,
        0,
        null,
        0,
        0,
        null,
        null,
        null,
        0,
        0,
        null,
        null,
        null,
        null,
        0,
        0,
        null,
        null,
        0,
        0,
        0,
        0,
        null,
        0,
        0,
        null,
        0,
        0,
        null,
        null,
        0,
        0,
        0,
        null,
        0,
        null,
        null,
        null,
        0,
        null,
        0,
        null,
        null,
        null,
        0,
        0,
        0,
        null,
        0,
        0,
        null,
        null,
        null,
        null,
        null,
        null,
        null,
        null,
        null,
        null,
        null,
        null,
        null,
        null,
        null,
        null,
        null,
        null,
        null,
        null,
        null,
        null,
        null,
        null,
        null,
        null,
        null,
        null,
        0,
        null,
        null,
        0,
        0,
        null,
        null,
        0,
        null,
        null,
        null,
        null,
        0,
        null,
        null,
        0,
        0,
        null,
        null,
        0,
        0,
        null,
        null,
        0,
        null,
        null,
        null,
        null,
        0,
        null,
        null,
        0,
        0,
        0,
        null,
        0,
        null,
        0,
        0,
        0,
        null,
        0,
        null,
        null,
        0,
        0,
        0,
        null,
        null,
        0,
        0,
        null,
        0,
        null,
        0,
        null,
        null,
        null,
        0,
        0,
        0,
        0,
        null,
        0,
        0,
        null,
        null,
        null,
        null,
        0,
        null,
        null,
        null,
        0,
        0,
        0,
        0,
        null,
        0,
        0,
        null,
        null,
        null,
        null,
        0,
        null,
        null,
        null,
        null,
        1,
        null
      ],
      "/home/myatsenko/REVIEW.OPENSTACK.ORG/fuel-library_15022016/tests/noop/spec/hosts/murano/rabbitmq_spec.rb": [
        1,
        1,
        1,
        null,
        1,
        1,
        null,
        0,
        0,
        0,
        null,
        0,
        0,
        null,
        0,
        null,
        0,
        null,
        0,
        null,
        null,
        null,
        0,
        null,
        0,
        null,
        null,
        0,
        null,
        0,
        null,
        null,
        0,
        null,
        0,
        null,
        null,
        0,
        null,
        0,
        null,
        0,
        null,
        null,
        1,
        null
      ],
      "/home/myatsenko/REVIEW.OPENSTACK.ORG/fuel-library_15022016/tests/noop/spec/hosts/netconfig/configure_default_route_spec.rb": [
        1,
        1,
        1,
        null,
        1,
        1,
        null,
        2,
        null,
        4,
        null,
        null,
        null,
        1,
        null,
        null
      ],
      "/home/myatsenko/REVIEW.OPENSTACK.ORG/fuel-library_15022016/tests/noop/spec/hosts/netconfig/connectivity_tests_spec.rb": [
        1,
        1,
        1,
        null,
        1,
        1,
        2,
        2,
        null,
        null,
        1,
        null
      ],
      "/home/myatsenko/REVIEW.OPENSTACK.ORG/fuel-library_15022016/tests/noop/spec/hosts/netconfig/netconfig_spec.rb": [
        1,
        1,
        1,
        1,
        1,
        null,
        2,
        2,
        2,
        2,
        2,
        2,
        null,
        4,
        4,
        4,
        2,
        null,
        null,
        null,
        null,
        2,
        4,
        4,
        4,
        2,
        null,
        null,
        2,
        4,
        2,
        2,
        null,
        null,
        null,
        null,
        null,
        2,
        null,
        2,
        2,
        null,
        null,
        null,
        null,
        2,
        null,
        null,
        null,
        1,
        null,
        null
      ],
      "/home/myatsenko/REVIEW.OPENSTACK.ORG/fuel-library_15022016/tests/noop/spec/hosts/netconfig/reserved_ports_spec.rb": [
        1,
        1,
        1,
        1,
        1,
        null,
        4,
        null,
        null,
        1,
        null,
        null
      ],
      "/home/myatsenko/REVIEW.OPENSTACK.ORG/fuel-library_15022016/tests/noop/spec/hosts/ntp/ntp-check_spec.rb": [
        1,
        1,
        1,
        null,
        1,
        1,
        0,
        0,
        null,
        null,
        1,
        null
      ],
      "/home/myatsenko/REVIEW.OPENSTACK.ORG/fuel-library_15022016/tests/noop/spec/hosts/ntp/ntp-client_spec.rb": [
        1,
        1,
        1,
        null,
        1,
        1,
        null,
        null
      ],
      "/home/myatsenko/REVIEW.OPENSTACK.ORG/fuel-library_15022016/tests/noop/spec/hosts/ntp/ntp-server_spec.rb": [
        1,
        1,
        1,
        null,
        1,
        1,
        null,
        0,
        0,
        null,
        null,
        0,
        null,
        null,
        null,
        null,
        null,
        null,
        0,
        null,
        null,
        1,
        null
      ],
      "/home/myatsenko/REVIEW.OPENSTACK.ORG/fuel-library_15022016/tests/noop/spec/hosts/ntp/timesync_spec.rb": [
        1,
        1,
        1,
        null,
        1,
        1,
        null,
        null
      ],
      "/home/myatsenko/REVIEW.OPENSTACK.ORG/fuel-library_15022016/tests/noop/spec/hosts/openstack-cinder/create_cinder_types_spec.rb": [
        1,
        1,
        1,
        null,
        1,
        1,
        null,
        0,
        0,
        0,
        0,
        0,
        0,
        null,
        0,
        0,
        0,
        0,
        0,
        null,
        0,
        0,
        null,
        0,
        0,
        null,
        null,
        0,
        0,
        null,
        null,
        null,
        null,
        null,
        null,
        null,
        0,
        null,
        null,
        null,
        null,
        1,
        null
      ],
      "/home/myatsenko/REVIEW.OPENSTACK.ORG/fuel-library_15022016/tests/noop/spec/hosts/openstack-cinder/db_spec.rb": [
        1,
        1,
        1,
        null,
        1,
        1,
        0,
        0,
        0,
        0,
        null,
        0,
        0,
        0,
        null,
        0,
        null,
        null,
        null,
        0,
        null,
        null,
        0,
        null,
        null,
        null,
        null,
        null,
        0,
        null,
        0,
        0,
        0,
        null,
        null,
        null,
        1,
        null,
        null
      ],
      "/home/myatsenko/REVIEW.OPENSTACK.ORG/fuel-library_15022016/tests/noop/spec/hosts/openstack-cinder/keystone_spec.rb": [
        1,
        1,
        1,
        null,
        1,
        1,
        0,
        0,
        null,
        null,
        0,
        0,
        0,
        0,
        0,
        null,
        0,
        0,
        0,
        0,
        0,
        0,
        0,
        null,
        0,
        0,
        null,
        0,
        null,
        null,
        0,
        0,
        0,
        0,
        0,
        0,
        null,
        0,
        0,
        0,
        0,
        0,
        0,
        0,
        null,
        0,
        0,
        null,
        0,
        null,
        null,
        null,
        0,
        null,
        null,
        null,
        null,
        null,
        null,
        null,
        null,
        null,
        null,
        null,
        null,
        null,
        null,
        0,
        null,
        null,
        null,
        null,
        1,
        null
      ],
      "/home/myatsenko/REVIEW.OPENSTACK.ORG/fuel-library_15022016/tests/noop/spec/hosts/openstack-cinder/openstack-cinder_spec.rb": [
        1,
        1,
        1,
        null,
        1,
        1,
        null,
        0,
        0,
        0,
        0,
        0,
        0,
        0,
        0,
        0,
        0,
        0,
        0,
        0,
        null,
        0,
        0,
        0,
        0,
        0,
        null,
        0,
        0,
        null,
        null,
        0,
        0,
        0,
        null,
        0,
        null,
        null,
        null,
        0,
        null,
        null,
        0,
        null,
        null,
        0,
        null,
        null,
        0,
        null,
        null,
        0,
        null,
        null,
        0,
        null,
        null,
        null,
        null,
        0,
        null,
        null,
        0,
        0,
        0,
        null,
        0,
        0,
        null,
        0,
        0,
        0,
        null,
        0,
        null,
        null,
        0,
        null,
        null,
        0,
        0,
        0,
        0,
        null,
        null,
        0,
        0,
        0,
        null,
        null,
        0,
        0,
        null,
        0,
        null,
        0,
        null,
        null,
        0,
        null,
        null,
        0,
        0,
        null,
        null,
        0,
        0,
        0,
        0,
        0,
        0,
        0,
        null,
        null,
        0,
        0,
        0,
        null,
        0,
        0,
        0,
        null,
        null,
        null,
        0,
        null,
        null,
        null,
        0,
        0,
        0,
        0,
        null,
        0,
        null,
        null,
        0,
        0,
        null,
        null,
        0,
        0,
        null,
        null,
        0,
        null,
        0,
        null,
        null,
        0,
        null,
        null,
        null,
        0,
        null,
        null,
        null,
        null,
        null,
        null,
        1,
        null,
        null
      ],
      "/home/myatsenko/REVIEW.OPENSTACK.ORG/fuel-library_15022016/tests/noop/spec/hosts/openstack-compute/openstack-compute_spec.rb": [
        1,
        1,
        1,
        null,
        1,
        1,
        null,
        2,
        2,
        2,
        null,
        2,
        0,
        null,
        2,
        null,
        2,
        null,
        null,
        2,
        null,
        null,
        2,
        2,
        2,
        null,
        null,
        2,
        2,
        null,
        null,
        2,
        2,
        0,
        null,
        1,
        null,
        1,
        null,
        null,
        null,
        null,
        1,
        1,
        null,
        null,
        null,
        2,
        null,
        null,
        2,
        2,
        2,
        2,
        null,
        null,
        2,
        2,
        null,
        null,
        null,
        null,
        1,
        null
      ],
      "/home/myatsenko/REVIEW.OPENSTACK.ORG/fuel-library_15022016/tests/noop/spec/hosts/openstack-controller/db_spec.rb": [
        1,
        1,
        1,
        null,
        1,
        1,
        0,
        0,
        0,
        0,
        null,
        0,
        0,
        0,
        null,
        0,
        null,
        null,
        null,
        0,
        null,
        0,
        null,
        null,
        null,
        null,
        null,
        0,
        null,
        null,
        0,
        0,
        0,
        null,
        null,
        null,
        null,
        1,
        null,
        null
      ],
      "/home/myatsenko/REVIEW.OPENSTACK.ORG/fuel-library_15022016/tests/noop/spec/hosts/openstack-controller/keystone_spec.rb": [
        1,
        1,
        1,
        null,
        1,
        1,
        0,
        0,
        null,
        null,
        0,
        0,
        0,
        0,
        0,
        0,
        0,
        null,
        0,
        0,
        0,
        0,
        0,
        0,
        0,
        null,
        0,
        0,
        null,
        0,
        0,
        null,
        null,
        0,
        0,
        0,
        0,
        null,
        0,
        0,
        0,
        0,
        null,
        0,
        0,
        null,
        0,
        null,
        null,
        null,
        0,
        null,
        null,
        null,
        null,
        null,
        null,
        null,
        null,
        null,
        null,
        null,
        0,
        null,
        null,
        null,
        1,
        null
      ],
      "/home/myatsenko/REVIEW.OPENSTACK.ORG/fuel-library_15022016/tests/noop/spec/hosts/openstack-controller/openstack-controller_spec.rb": [
        1,
        1,
        1,
        null,
        1,
        1,
        null,
        0,
        0,
        null,
        null,
        0,
        0,
        null,
        null,
        0,
        0,
        null,
        null,
        0,
        0,
        0,
        0,
        0,
        null,
        0,
        0,
        null,
        null,
        0,
        0,
        null,
        null,
        0,
        0,
        0,
        null,
        0,
        null,
        null,
        null,
        0,
        0,
        0,
        0,
        0,
        null,
        0,
        0,
        null,
        0,
        null,
        0,
        null,
        0,
        null,
        0,
        null,
        0,
        null,
        0,
        null,
        0,
        0,
        0,
        null,
        0,
        0,
        null,
        0,
        0,
        null,
        null,
        0,
        0,
        null,
        null,
        null,
        null,
        null,
        0,
        null,
        null,
        0,
        null,
        null,
        0,
        0,
        0,
        0,
        0,
        0,
        null,
        null,
        0,
        0,
        null,
        null,
        null,
        0,
        null,
        null,
        0,
        null,
        null,
        0,
        null,
        null,
        0,
        null,
        null,
        0,
        null,
        null,
        0,
        null,
        null,
        0,
        null,
        null,
        0,
        null,
        null,
        0,
        null,
        null,
        null,
        0,
        null,
        null,
        0,
        0,
        0,
        null,
        null,
        0,
        0,
        null,
        null,
        0,
        null,
        null,
        0,
        0,
        null,
        null,
        0,
        0,
        0,
        0,
        0,
        null,
        null,
        null,
        0,
        0,
        null,
        null,
        0,
        0,
        0,
        0,
        0,
        null,
        null,
        null,
        null,
        0,
        0,
        null,
        null,
        null,
        null,
        null,
        null,
        null,
        null,
        0,
        null,
        null,
        null,
        0,
        0,
        0,
        null,
        null,
        null,
        0,
        null,
        null,
        null,
        null,
        0,
        0,
        0,
        null,
        null,
        0,
        null,
        null,
        null,
        0,
        0,
        0,
        null,
        null,
        null,
        0,
        0,
        0,
        0,
        null,
        0,
        0,
        0,
        0,
        0,
        null,
        0,
        0,
        0,
        null,
        null,
        null,
        null,
        0,
        0,
        0,
        null,
        0,
        0,
        null,
        null,
        0,
        null,
        null,
        null,
        0,
        null,
        null,
        null,
        null,
        1,
        null,
        null
      ],
      "/home/myatsenko/REVIEW.OPENSTACK.ORG/fuel-library_15022016/tests/noop/spec/hosts/openstack-haproxy/openstack-haproxy-ceilometer_spec.rb": [
        1,
        1,
        1,
        null,
        1,
        1,
        null,
        0,
        null,
        0,
        0,
        null,
        null,
        0,
        0,
        null,
        null,
        0,
        0,
        null,
        null,
        0,
        null,
        0,
        0,
        0,
        null,
        null,
        null,
        null,
        null,
        null,
        null,
        null,
        null,
        null,
        null,
        null,
        0,
        null,
        null,
        null,
        1,
        null
      ],
      "/home/myatsenko/REVIEW.OPENSTACK.ORG/fuel-library_15022016/tests/noop/spec/hosts/openstack-haproxy/openstack-haproxy-cinder_spec.rb": [
        1,
        1,
        1,
        null,
        1,
        1,
        null,
        0,
        null,
        0,
        0,
        null,
        null,
        0,
        0,
        null,
        null,
        0,
        0,
        null,
        null,
        0,
        null,
        0,
        0,
        0,
        null,
        null,
        null,
        null,
        null,
        null,
        null,
        null,
        null,
        null,
        null,
        null,
        null,
        0,
        null,
        null,
        null,
        1,
        null
      ],
      "/home/myatsenko/REVIEW.OPENSTACK.ORG/fuel-library_15022016/tests/noop/spec/hosts/openstack-haproxy/openstack-haproxy-glance_spec.rb": [
        1,
        1,
        1,
        null,
        1,
        1,
        null,
        0,
        null,
        0,
        0,
        null,
        null,
        0,
        0,
        null,
        null,
        0,
        0,
        null,
        null,
        0,
        0,
        0,
        null,
        0,
        0,
        null,
        null,
        null,
        null,
        null,
        null,
        null,
        null,
        null,
        null,
        null,
        null,
        null,
        null,
        null,
        null,
        null,
        null,
        null,
        0,
        null,
        null,
        null,
        null,
        null,
        null,
        null,
        0,
        null,
        null,
        null,
        1,
        null,
        null
      ],
      "/home/myatsenko/REVIEW.OPENSTACK.ORG/fuel-library_15022016/tests/noop/spec/hosts/openstack-haproxy/openstack-haproxy-heat_spec.rb": [
        1,
        1,
        1,
        null,
        1,
        1,
        null,
        0,
        null,
        0,
        0,
        null,
        null,
        0,
        0,
        null,
        null,
        0,
        0,
        null,
        null,
        0,
        0,
        0,
        null,
        0,
        0,
        null,
        null,
        null,
        null,
        null,
        null,
        null,
        null,
        null,
        null,
        null,
        null,
        null,
        null,
        null,
        null,
        null,
        null,
        0,
        null,
        null,
        null,
        null,
        null,
        0,
        null,
        null,
        null,
        null,
        null,
        0,
        null,
        null,
        null,
        1,
        null
      ],
      "/home/myatsenko/REVIEW.OPENSTACK.ORG/fuel-library_15022016/tests/noop/spec/hosts/openstack-haproxy/openstack-haproxy-horizon_spec.rb": [
        1,
        1,
        1,
        null,
        1,
        1,
        null,
        0,
        null,
        0,
        0,
        null,
        null,
        0,
        0,
        null,
        null,
        0,
        0,
        null,
        null,
        0,
        0,
        0,
        0,
        null,
        null,
        null,
        null,
        null,
        null,
        null,
        0,
        0,
[...]
        null,
        null,
        1,
        null,
        null,
        null,
        1,
        1,
        null,
        null,
        null,
        2,
        8,
        null,
        null,
        2,
        4,
        null,
        null,
        2,
        4,
        null,
        null,
        null,
        2,
        null,
        null,
        2,
        null,
        2,
        null,
        null,
        2,
        null,
        2,
        null,
        null,
        2,
        null,
        2,
        null,
        null,
        2,
        null,
        2,
        null,
        null,
        2,
        null,
        2,
        null,
        null,
        2,
        null,
        2,
        null,
        null,
        2,
        null,
        2,
        null,
        null,
        2,
        null,
        2,
        null,
        null,
        2,
        null,
        2,
        null,
        null,
        2,
        null,
        null,
        2,
        2,
        null,
        null,
        2,
        null,
        null,
        2,
        null,
        null,
        2,
        2,
        null,
        null,
        2,
        2,
        null,
        null,
        2,
        2,
        2,
        6,
        6,
        null,
        null,
        null,
        2,
        2,
        null,
        null,
        2,
        2,
        2,
        2,
        2,
        null,
        null,
        null,
        null,
        null,
        2,
        2,
        2,
        null,
        2,
        0,
        0,
        0,
        0,
        null,
        2,
        null,
        0,
        0,
        null,
        null,
        2,
        null,
        null,
        2,
        null,
        null,
        2,
        null,
        null,
        2,
        null,
        null,
        2,
        null,
        null,
        null,
        2,
        2,
        2,
        2,
        2,
        null,
        2,
        0,
        null,
        2,
        2,
        null,
        null,
        null,
        null,
        2,
        null,
        null,
        2,
        null,
        null,
        null,
        1,
        null,
        null,
        null
      ],
      "/home/myatsenko/REVIEW.OPENSTACK.ORG/fuel-library_15022016/tests/noop/spec/hosts/roles/controller_spec.rb": [
        1,
        1,
        1,
        null,
        1,
        1,
        null,
        0,
        null,
        null,
        0,
        null,
        0,
        null,
        null,
        0,
        null,
        null,
        null,
        null,
        1,
        null,
        null
      ],
      "/home/myatsenko/REVIEW.OPENSTACK.ORG/fuel-library_15022016/tests/noop/spec/hosts/roles/ironic-conductor_spec.rb": [
        1,
        1,
        1,
        null,
        1,
        1,
        0,
        0,
        0,
        0,
        0,
        null,
        0,
        0,
        0,
        0,
        null,
        0,
        0,
        0,
        null,
        null,
        0,
        null,
        null,
        null,
        null,
        null,
        null,
        null,
        0,
        null,
        null,
        0,
        0,
        0,
        null,
        0,
        null,
        null,
        null,
        0,
        null,
        null,
        0,
        0,
        0,
        0,
        0,
        0,
        0,
        0,
        0,
        0,
        0,
        null,
        null,
        0,
        null,
        0,
        null,
        null,
        null,
        0,
        null,
        null,
        null,
        null,
        null,
        1,
        null
      ],
      "/home/myatsenko/REVIEW.OPENSTACK.ORG/fuel-library_15022016/tests/noop/spec/hosts/roles/mongo_spec.rb": [
        1,
        1,
        1,
        null,
        1,
        null,
        1,
        0,
        0,
        0,
        null,
        null,
        null,
        1,
        0,
        0,
        0,
        0,
        null,
        0,
        0,
        null,
        null,
        0,
        0,
        null,
        null,
        0,
        0,
        0,
        null,
        0,
        null,
        null,
        null,
        0,
        0,
        null,
        null,
        0,
        0,
        0,
        null,
        null,
        null,
        0,
        0,
        null,
        null,
        0,
        0,
        null,
        null,
        0,
        0,
        null,
        null,
        0,
        0,
        null,
        null,
        0,
        0,
        null,
        null,
        null,
        null,
        1,
        null,
        null
      ],
      "/home/myatsenko/REVIEW.OPENSTACK.ORG/fuel-library_15022016/tests/noop/spec/hosts/sahara/db_spec.rb": [
        1,
        1,
        1,
        null,
        1,
        1,
        0,
        null,
        0,
        0,
        0,
        null,
        0,
        null,
        null,
        null,
        0,
        null,
        null,
        null,
        1,
        null
      ],
      "/home/myatsenko/REVIEW.OPENSTACK.ORG/fuel-library_15022016/tests/noop/spec/hosts/sahara/keystone_spec.rb": [
        1,
        1,
        1,
        null,
        1,
        1,
        0,
        0,
        0,
        0,
        null,
        0,
        0,
        0,
        null,
        0,
        0,
        0,
        0,
        0,
        0,
        0,
        null,
        0,
        0,
        null,
        0,
        null,
        null,
        null,
        0,
        null,
        null,
        null,
        null,
        null,
        null,
        null,
        null,
        null,
        null,
        0,
        null,
        null,
        1,
        null
      ],
      "/home/myatsenko/REVIEW.OPENSTACK.ORG/fuel-library_15022016/tests/noop/spec/hosts/sahara/sahara_spec.rb": [
        1,
        1,
        1,
        null,
        1,
        1,
        null,
        0,
        0,
        0,
        0,
        0,
        0,
        0,
        0,
        0,
        null,
        0,
        0,
        null,
        null,
        0,
        0,
        null,
        null,
        0,
        0,
        0,
        null,
        null,
        0,
        0,
        null,
        null,
        0,
        0,
        null,
        null,
        0,
        0,
        0,
        0,
        0,
        0,
        0,
        0,
        0,
        null,
        0,
        0,
        null,
        0,
        null,
        0,
        null,
        0,
        0,
        null,
        null,
        null,
        0,
        0,
        null,
        null,
        null,
        null,
        0,
        0,
        null,
        null,
        0,
        0,
        0,
        0,
        0,
        0,
        null,
        null,
        null,
        0,
        0,
        0,
        0,
        0,
        0,
        0,
        0,
        0,
        0,
        0,
        0,
        0,
        0,
        0,
        0,
        0,
        0,
        0,
        0,
        null,
        0,
        null,
        0,
        null,
        null,
        null,
        null,
        null,
        null,
        null,
        null,
        null,
        null,
        null,
        null,
        null,
        null,
        null,
        null,
        null,
        null,
        null,
        null,
        null,
        null,
        null,
        null,
        null,
        null,
        null,
        null,
        0,
        null,
        null,
        0,
        0,
        0,
        0,
        null,
        null,
        0,
        0,
        null,
        null,
        0,
        0,
        0,
        null,
        0,
        null,
        0,
        null,
        0,
        null,
        0,
        0,
        null,
        null,
        0,
        0,
        null,
        null,
        0,
        0,
        null,
        null,
        0,
        0,
        null,
        null,
        0,
        0,
        0,
        null,
        null,
        0,
        null,
        null,
        null,
        0,
        0,
        null,
        0,
        null,
        null,
        null,
        null,
        null,
        null,
        null,
        0,
        null,
        null,
        0,
        0,
        null,
        0,
        null,
        0,
        null,
        null,
        null,
        null,
        0,
        0,
        0,
        0,
        null,
        0,
        0,
        null,
        null,
        null,
        null,
        0,
        null,
        null,
        null,
        null,
        1,
        null
      ],
      "/home/myatsenko/REVIEW.OPENSTACK.ORG/fuel-library_15022016/tests/noop/spec/hosts/ssl/ssl_add_trust_chain_spec.rb": [
        1,
        1,
        1,
        null,
        1,
        1,
        2,
        null,
        null,
        2,
        null,
        null,
        1,
        null,
        null
      ],
      "/home/myatsenko/REVIEW.OPENSTACK.ORG/fuel-library_15022016/tests/noop/spec/hosts/ssl/ssl_dns_setup_spec.rb": [
        1,
        1,
        1,
        null,
        1,
        1,
        null,
        0,
        0,
        0,
        0,
        0,
        0,
        null,
        0,
        null,
        null,
        null,
        0,
        null,
        null,
        null,
        0,
        0,
        0,
        0,
        0,
        0,
        null,
        0,
        null,
        null,
        null,
        0,
        null,
        null,
        0,
        null,
        null,
        null,
        0,
        null,
        null,
        null,
        null,
        0,
        0,
        0,
        0,
        0,
        0,
        0,
        null,
        0,
        null,
        null,
        null,
        0,
        null,
        null,
        0,
        null,
        null,
        null,
        0,
        null,
        null,
        0,
        null,
        null,
        null,
        0,
        null,
        null,
        null,
        0,
        0,
        0,
        null,
        null,
        null,
        null,
        0,
        null,
        null,
        null,
        null,
        1,
        null
      ],
      "/home/myatsenko/REVIEW.OPENSTACK.ORG/fuel-library_15022016/tests/noop/spec/hosts/ssl/ssl_keys_saving_spec.rb": [
        1,
        1,
        1,
        null,
        1,
        1,
        2,
        0,
        0,
        0,
        0,
        0,
        0,
        0,
        null,
        null,
        null,
        0,
        null,
        null,
        0,
        null,
        null,
        null,
        0,
        null,
        null,
        null,
        null,
        null,
        0,
        0,
        0,
        0,
        0,
        null,
        null,
        null,
        0,
        null,
        null,
        0,
        null,
        null,
        null,
        0,
        null,
        null,
        0,
        0,
        null,
        null,
        0,
        0,
        null,
        null,
        0,
        0,
        null,
        null,
        0,
        0,
        null,
        null,
        null,
        null,
        null,
        null,
        2,
        2,
        null,
        null,
        null,
        2,
        null,
        2,
        null,
        null,
        null,
        2,
        null,
        null,
        null,
        1,
        null,
        null
      ],
      "/home/myatsenko/REVIEW.OPENSTACK.ORG/fuel-library_15022016/tests/noop/spec/hosts/swift/keystone_spec.rb": [
        1,
        1,
        1,
        null,
        1,
        1,
        0,
        0,
        null,
        null,
        0,
        null,
        0,
        0,
        null,
        0,
        null,
        null,
        0,
        0,
        0,
        null,
        0,
        0,
        null,
        0,
        0,
        null,
        0,
        0,
        null,
        null,
        0,
        0,
        0,
        null,
        0,
        0,
        null,
        0,
        0,
        null,
        null,
        0,
        0,
        0,
        null,
        0,
        0,
        null,
        0,
        0,
        null,
        null,
        0,
        0,
        0,
        null,
        0,
        0,
        0,
        null,
        0,
        null,
        0,
        0,
        0,
        0,
        null,
        null,
        0,
        0,
        null,
        0,
        null,
        null,
        null,
        0,
        0,
        0,
        0,
        null,
        null,
        0,
        0,
        null,
        null,
        null,
        null,
        1,
        null
      ],
      "/home/myatsenko/REVIEW.OPENSTACK.ORG/fuel-library_15022016/tests/noop/spec/hosts/swift/rebalance_cronjob_spec.rb": [
        1,
        1,
        1,
        null,
        1,
        1,
        null,
        null
      ],
      "/home/myatsenko/REVIEW.OPENSTACK.ORG/fuel-library_15022016/tests/noop/spec/hosts/swift/swift_spec.rb": [
        1,
        1,
        1,
        null,
        1,
        1,
        0,
        0,
        0,
        0,
        0,
        0,
        null,
        0,
        0,
        0,
        null,
        null,
        0,
        0,
        0,
        0,
        0,
        0,
        0,
        0,
        0,
        null,
        0,
        0,
        null,
        0,
        null,
        null,
        0,
        0,
        null,
        null,
        0,
        0,
        null,
        null,
        0,
        0,
        0,
        0,
        null,
        null,
        0,
        null,
        0,
        null,
        0,
        null,
        0,
        null,
        0,
        null,
        0,
        null,
        0,
        null,
        null,
        0,
        0,
        0,
        0,
        0,
        null,
        null,
        null,
        0,
        null,
        null,
        0,
        0,
        0,
        null,
        null,
        null,
        null,
        0,
        null,
        null,
        null,
        0,
        null,
        null,
        0,
        0,
        0,
        null,
        null,
        0,
        0,
        0,
        0,
        null,
        null,
        null,
        null,
        null,
        0,
        0,
        null,
        null,
        0,
        null,
        null,
        0,
        null,
        null,
        0,
        null,
        null,
        0,
        null,
        null,
        0,
        0,
        0,
        0,
        0,
        null,
        null,
        0,
        null,
        null,
        null,
        0,
        null,
        null,
        null,
        null,
        0,
        0,
        0,
        0,
        null,
        null,
        null,
        0,
        null,
        0,
        null,
        null,
        null,
        null,
        0,
        0,
        0,
        0,
        null,
        null,
        0,
        null,
        null,
        null,
        0,
        null,
        null,
        null,
        null,
        0,
        0,
        0,
        null,
        null,
        0,
        null,
        0,
        null,
        null,
        null,
        null,
        null,
        0,
        null,
        null,
        null,
        null,
        0,
        null,
        null,
        0,
        0,
        0,
        null,
        0,
        null,
        null,
        0,
        null,
        null,
        0,
        null,
        null,
        0,
        0,
        0,
        0,
        null,
        0,
        null,
        null,
        0,
        null,
        null,
        0,
        null,
        null,
        0,
        null,
        null,
        null,
        null,
        0,
        null,
        null,
        0,
        null,
        null,
        null,
        0,
        null,
        null,
        0,
        null,
        null,
        null,
        null,
        null,
        null,
        null,
        null,
        null,
        0,
        null,
        null,
        null,
        1,
        null,
        null
      ],
      "/home/myatsenko/REVIEW.OPENSTACK.ORG/fuel-library_15022016/tests/noop/spec/hosts/tools/tools_spec.rb": [
        1,
        1,
        1,
        null,
        1,
        null,
        null,
        null,
        null,
        null,
        null,
        null,
        null,
        null,
        1,
        null,
        1,
        1,
        2,
        2,
        null,
        null,
        1,
        null,
        1,
        null,
        null,
        null,
        2,
        2,
        2,
        null,
        null,
        null,
        2,
        null,
        null,
        2,
        2,
        2,
        null,
        null,
        2,
        14,
        null,
        14,
        null,
        null,
        null,
        2,
        null,
        2,
        null,
        null,
        null,
        1,
        null
      ],
      "/home/myatsenko/REVIEW.OPENSTACK.ORG/fuel-library_15022016/tests/noop/spec/hosts/umm/umm_spec.rb": [
        1,
        1,
        1,
        null,
        1,
        1,
        0,
        0,
        0,
        0,
        null,
        null,
        null,
        0,
        null,
        null,
        null,
        1,
        null,
        null
      ],
      "/home/myatsenko/REVIEW.OPENSTACK.ORG/fuel-library_15022016/tests/noop/spec/hosts/virtual_ips/conntrackd_spec.rb": [
        1,
        1,
        1,
        null,
        1,
        1,
        null,
        null
      ],
      "/home/myatsenko/REVIEW.OPENSTACK.ORG/fuel-library_15022016/tests/noop/spec/hosts/virtual_ips/public_vip_ping_spec.rb": [
        1,
        1,
        1,
        null,
        1,
        1,
        null,
        0,
        0,
        0,
        0,
        null,
        null,
        0,
        0,
        null,
        null,
        null,
        null,
        null,
        0,
        0,
        null,
        null,
        null,
        null,
        null,
        null,
        null,
        null,
        null,
        null,
        null,
        null,
        0,
        0,
        null,
        null,
        null,
        null,
        null,
        null,
        null,
        0,
        0,
        null,
        null,
        null,
        null,
        null,
        null,
        null,
        null,
        null,
        null,
        1,
        null
      ],
      "/home/myatsenko/REVIEW.OPENSTACK.ORG/fuel-library_15022016/tests/noop/spec/hosts/virtual_ips/virtual_ips_spec.rb": [
        1,
        1,
        1,
        null,
        1,
        1,
        null,
        null,
        0,
        0,
        0,
        null,
        0,
        0,
        null,
        null,
        null,
        null,
        1,
        null
      ],
      "/home/myatsenko/REVIEW.OPENSTACK.ORG/fuel-library_15022016/tests/noop/spec/hosts/vmware/cinder-vmware_spec.rb": [
        1,
        1,
        1,
        null,
        1,
        1,
        null,
        null
      ],
      "/home/myatsenko/REVIEW.OPENSTACK.ORG/fuel-library_15022016/tests/noop/spec/hosts/vmware/compute-vmware_spec.rb": [
        1,
        1,
        1,
        null,
        1,
        1,
        null,
        0,
        null,
        null,
        0,
        null,
        null,
        0,
        null,
        0,
        0,
        null,
        null,
        0,
        null,
        null,
        null,
        0,
        null,
        0,
        0,
        null,
        null,
        0,
        null,
        null,
        null,
        null,
        null,
        1,
        null,
        null
      ],
      "/home/myatsenko/REVIEW.OPENSTACK.ORG/fuel-library_15022016/tests/noop/spec/hosts/vmware/vcenter_spec.rb": [
        1,
        1,
        1,
        null,
        1,
        1,
        null,
        0,
        null,
        0,
        0,
        null,
        null,
        0,
        null,
        null,
        null,
        null,
        null,
        1,
        null,
        null
      ]
    },
    "timestamp": 1455561045
  }
}
